<?xml version="1.0" encoding="utf-8"?><testsuites name="pytest tests"><testsuite name="pytest" errors="0" failures="0" skipped="0" tests="11" time="246.742" timestamp="2026-08-13T22:34:19.450254+03:00" hostname="AkahES"><testcase classname="tests.test_desktop_provider_execution_v1" name="test_fake_desktop_provider_execution_consumes_exact_plan" time="35.631" /><testcase classname="tests.test_desktop_provider_execution_v1" name="test_provider_stage_requires_desktop_capability_context" time="28.111" /><testcase classname="tests.test_desktop_provider_execution_v1" name="test_provider_stage_rejects_stale_plan_binding_before_gateway" time="23.213" /><testcase classname="tests.test_desktop_provider_execution_v1" name="test_failure_is_terminal_and_never_automatically_resubmitted" time="17.552" /><testcase classname="tests.test_desktop_provider_execution_v1" name="test_unknown_response_is_preserved_without_retry" time="22.240" /><testcase classname="tests.test_desktop_provider_execution_v1" name="test_async_provider_id_is_durable_before_completion" time="33.711" /><testcase classname="tests.test_desktop_provider_execution_v1" name="test_async_poll_timeout_keeps_original_operation_pending" time="17.718" /><testcase classname="tests.test_desktop_provider_execution_v1" name="test_unknown_attempt_without_provider_id_remains_blocked" time="18.561" /><testcase classname="tests.test_desktop_provider_execution_v1" name="test_results_persisted_before_transition_failure_is_recoverable" time="44.522" /><testcase classname="tests.test_desktop_provider_execution_v1" name="test_real_episode_execution_receipts_unchanged_by_tests" time="3.369" /><testcase classname="tests.test_desktop_provider_execution_v1" name="test_legacy_autopilot_provider_resume_is_explicitly_blocked" time="0.135" /></testsuite></testsuites>